2023-04-11 13:29:44,674 :INFO :Utilities.Logger :-----Given User Email ID or Phone number already used-----
2023-04-11 13:42:31,505 :INFO :Utilities.Logger :-----Login Successfull-----
2023-04-11 13:42:42,214 :INFO :Utilities.Logger :-----Addresss Successfully Added-----
2023-04-11 13:45:37,288 :INFO :Utilities.Logger :-----Login Successfull-----
2023-04-11 13:45:46,820 :INFO :Utilities.Logger :-----Addresss Successfully Added-----
2023-04-11 13:48:50,046 :INFO :Utilities.Logger :-----Login Successfull-----
2023-04-11 13:48:59,945 :INFO :Utilities.Logger :-----Addresss Successfully Added-----
2023-04-11 15:54:24,761 :INFO :Utilities.Logger :-----Login Successfull-----
2023-04-11 15:54:38,051 :INFO :Utilities.Logger :-----Addresss Successfully Added-----
2023-04-11 15:56:02,449 :INFO :Utilities.Logger :-----Login Successfull-----
2023-04-11 15:56:13,116 :INFO :Utilities.Logger :-----Addresss Successfully Added-----
2023-04-11 15:58:23,036 :INFO :Utilities.Logger :-----Login Successfull-----
2023-04-11 16:09:39,545 :INFO :Utilities.Logger :-----Login Successfull-----
2023-04-11 16:12:57,768 :INFO :Utilities.Logger :-----Login Successfull-----
2023-04-11 16:13:31,894 :INFO :Utilities.Logger :-----Login Successfull-----
2023-04-11 16:13:55,790 :INFO :Utilities.Logger :-----Login Successfull-----
2023-04-11 16:18:55,847 :INFO :Utilities.Logger :-----Login Successfull-----
2023-04-11 16:19:06,685 :INFO :Utilities.Logger :-----Addresss Successfully Added-----
2023-04-11 16:19:24,869 :INFO :Utilities.Logger :-----Login Successfull-----
2023-04-11 16:20:27,656 :INFO :Utilities.Logger :-----Login Successfull-----
2023-04-11 16:22:27,609 :INFO :Utilities.Logger :-----Login Successfull-----
2023-04-11 16:29:28,986 :INFO :Utilities.Logger :-----Login Successfull-----
2023-04-11 16:29:41,454 :INFO :Utilities.Logger :-----Addresss Successfully Added-----
2023-04-11 16:30:19,980 :INFO :Utilities.Logger :-----Login Successfull-----
2023-04-11 17:25:55,610 :INFO :Utilities.Logger :-----Login Successfull-----
2023-04-11 17:28:18,022 :INFO :Utilities.Logger :-----Login Successfull-----
2023-04-11 17:36:32,353 :INFO :Utilities.Logger :-----Login Successfull-----
2023-04-11 17:37:02,426 :INFO :Utilities.Logger :-----Login Successfull-----
2023-04-11 18:26:35,161 :INFO :Utilities.Logger :-----Login Successfull-----
2023-04-11 18:26:46,766 :INFO :Utilities.Logger :-----Order Created Successful-----
2023-04-11 18:28:45,168 :INFO :Utilities.Logger :-----Login Successfull-----
2023-04-11 18:29:41,136 :INFO :Utilities.Logger :-----Login Successfull-----
2023-04-11 18:29:51,397 :INFO :Utilities.Logger :-----Order Created Successful-----
2023-04-11 18:31:20,684 :INFO :Utilities.Logger :-----Login Successfull-----
2023-04-11 18:31:33,916 :INFO :Utilities.Logger :-----Order Creation Failed-----
2023-04-16 14:56:23,146 :INFO :Utilities.Logger :-----Login Successfull-----
2023-04-16 14:56:33,678 :INFO :Utilities.Logger :-----Order Creation Failed-----
